{"E:\\cpc\\SET\\UDT-REACTJS-TESTSHEET\\src\\client\\store\\actions\\calculatorActions.ts": {"path":"E:\\cpc\\SET\\UDT-REACTJS-TESTSHEET\\src\\client\\store\\actions\\calculatorActions.ts","statementMap":{"0":{"start":{"line":3,"column":13},"end":{"line":3,"column":37}},"1":{"start":{"line":4,"column":13},"end":{"line":4,"column":29}},"2":{"start":{"line":5,"column":13},"end":{"line":5,"column":37}},"3":{"start":{"line":6,"column":13},"end":{"line":6,"column":57}},"4":{"start":{"line":7,"column":13},"end":{"line":7,"column":59}},"5":{"start":{"line":8,"column":13},"end":{"line":8,"column":41}},"6":{"start":{"line":9,"column":13},"end":{"line":9,"column":47}},"7":{"start":{"line":10,"column":13},"end":{"line":10,"column":47}},"8":{"start":{"line":11,"column":13},"end":{"line":11,"column":53}},"9":{"start":{"line":64,"column":24},"end":{"line":67,"column":2}},"10":{"start":{"line":64,"column":67},"end":{"line":67,"column":2}},"11":{"start":{"line":64,"column":13},"end":{"line":64,"column":24}},"12":{"start":{"line":69,"column":21},"end":{"line":71,"column":2}},"13":{"start":{"line":69,"column":51},"end":{"line":71,"column":2}},"14":{"start":{"line":69,"column":13},"end":{"line":69,"column":21}},"15":{"start":{"line":73,"column":25},"end":{"line":75,"column":2}},"16":{"start":{"line":73,"column":55},"end":{"line":75,"column":2}},"17":{"start":{"line":73,"column":13},"end":{"line":73,"column":25}},"18":{"start":{"line":77,"column":33},"end":{"line":80,"column":2}},"19":{"start":{"line":77,"column":79},"end":{"line":80,"column":2}},"20":{"start":{"line":77,"column":13},"end":{"line":77,"column":33}},"21":{"start":{"line":82,"column":34},"end":{"line":85,"column":2}},"22":{"start":{"line":82,"column":77},"end":{"line":85,"column":2}},"23":{"start":{"line":82,"column":13},"end":{"line":82,"column":34}},"24":{"start":{"line":87,"column":26},"end":{"line":90,"column":2}},"25":{"start":{"line":87,"column":73},"end":{"line":90,"column":2}},"26":{"start":{"line":87,"column":13},"end":{"line":87,"column":26}},"27":{"start":{"line":92,"column":31},"end":{"line":94,"column":2}},"28":{"start":{"line":92,"column":61},"end":{"line":94,"column":2}},"29":{"start":{"line":92,"column":13},"end":{"line":92,"column":31}},"30":{"start":{"line":96,"column":29},"end":{"line":98,"column":2}},"31":{"start":{"line":96,"column":59},"end":{"line":98,"column":2}},"32":{"start":{"line":96,"column":13},"end":{"line":96,"column":29}},"33":{"start":{"line":100,"column":29},"end":{"line":103,"column":2}},"34":{"start":{"line":100,"column":74},"end":{"line":103,"column":2}},"35":{"start":{"line":100,"column":13},"end":{"line":100,"column":29}}},"fnMap":{"0":{"name":"(anonymous_0)","decl":{"start":{"line":64,"column":24},"end":{"line":64,"column":25}},"loc":{"start":{"line":64,"column":67},"end":{"line":67,"column":2}}},"1":{"name":"(anonymous_1)","decl":{"start":{"line":69,"column":21},"end":{"line":69,"column":47}},"loc":{"start":{"line":69,"column":51},"end":{"line":71,"column":2}}},"2":{"name":"(anonymous_2)","decl":{"start":{"line":73,"column":25},"end":{"line":73,"column":51}},"loc":{"start":{"line":73,"column":55},"end":{"line":75,"column":2}}},"3":{"name":"(anonymous_3)","decl":{"start":{"line":77,"column":33},"end":{"line":77,"column":34}},"loc":{"start":{"line":77,"column":79},"end":{"line":80,"column":2}}},"4":{"name":"(anonymous_4)","decl":{"start":{"line":82,"column":34},"end":{"line":82,"column":35}},"loc":{"start":{"line":82,"column":77},"end":{"line":85,"column":2}}},"5":{"name":"(anonymous_5)","decl":{"start":{"line":87,"column":26},"end":{"line":87,"column":27}},"loc":{"start":{"line":87,"column":73},"end":{"line":90,"column":2}}},"6":{"name":"(anonymous_6)","decl":{"start":{"line":92,"column":31},"end":{"line":92,"column":57}},"loc":{"start":{"line":92,"column":61},"end":{"line":94,"column":2}}},"7":{"name":"(anonymous_7)","decl":{"start":{"line":96,"column":29},"end":{"line":96,"column":55}},"loc":{"start":{"line":96,"column":59},"end":{"line":98,"column":2}}},"8":{"name":"(anonymous_8)","decl":{"start":{"line":100,"column":29},"end":{"line":100,"column":30}},"loc":{"start":{"line":100,"column":74},"end":{"line":103,"column":2}}}},"branchMap":{},"s":{"0":2,"1":2,"2":2,"3":2,"4":2,"5":2,"6":2,"7":2,"8":2,"9":2,"10":1,"11":2,"12":2,"13":1,"14":2,"15":2,"16":1,"17":2,"18":2,"19":1,"20":2,"21":2,"22":1,"23":2,"24":2,"25":1,"26":2,"27":2,"28":1,"29":2,"30":2,"31":1,"32":2,"33":2,"34":1,"35":2},"f":{"0":1,"1":1,"2":1,"3":1,"4":1,"5":1,"6":1,"7":1,"8":1},"b":{}}
,"E:\\cpc\\SET\\UDT-REACTJS-TESTSHEET\\src\\client\\store\\reducers\\calculatorReducer.ts": {"path":"E:\\cpc\\SET\\UDT-REACTJS-TESTSHEET\\src\\client\\store\\reducers\\calculatorReducer.ts","statementMap":{"0":{"start":{"line":1,"column":0},"end":{"line":1,"column":205}},"1":{"start":{"line":3,"column":0},"end":{"line":3,"column":102}},"2":{"start":{"line":4,"column":0},"end":{"line":4,"column":91}},"3":{"start":{"line":8,"column":38},"end":{"line":14,"column":2}},"4":{"start":{"line":16,"column":33},"end":{"line":151,"column":1}},"5":{"start":{"line":20,"column":2},"end":{"line":150,"column":3}},"6":{"start":{"line":22,"column":6},"end":{"line":24,"column":7}},"7":{"start":{"line":23,"column":8},"end":{"line":23,"column":21}},"8":{"start":{"line":26,"column":6},"end":{"line":30,"column":null}},"9":{"start":{"line":33,"column":6},"end":{"line":35,"column":null}},"10":{"start":{"line":38,"column":6},"end":{"line":42,"column":null}},"11":{"start":{"line":46,"column":23},"end":{"line":46,"column":51}},"12":{"start":{"line":48,"column":6},"end":{"line":53,"column":null}},"13":{"start":{"line":56,"column":6},"end":{"line":135,"column":7}},"14":{"start":{"line":57,"column":8},"end":{"line":59,"column":9}},"15":{"start":{"line":58,"column":10},"end":{"line":58,"column":23}},"16":{"start":{"line":62,"column":8},"end":{"line":64,"column":9}},"17":{"start":{"line":63,"column":10},"end":{"line":63,"column":94}},"18":{"start":{"line":67,"column":8},"end":{"line":74,"column":9}},"19":{"start":{"line":68,"column":10},"end":{"line":72,"column":null}},"20":{"start":{"line":77,"column":8},"end":{"line":96,"column":9}},"21":{"start":{"line":78,"column":10},"end":{"line":95,"column":11}},"22":{"start":{"line":79,"column":12},"end":{"line":83,"column":null}},"23":{"start":{"line":87,"column":33},"end":{"line":87,"column":61}},"24":{"start":{"line":88,"column":27},"end":{"line":88,"column":103}},"25":{"start":{"line":89,"column":12},"end":{"line":93,"column":null}},"26":{"start":{"line":99,"column":8},"end":{"line":123,"column":9}},"27":{"start":{"line":100,"column":10},"end":{"line":102,"column":11}},"28":{"start":{"line":101,"column":12},"end":{"line":101,"column":25}},"29":{"start":{"line":103,"column":10},"end":{"line":110,"column":11}},"30":{"start":{"line":104,"column":12},"end":{"line":108,"column":null}},"31":{"start":{"line":111,"column":33},"end":{"line":111,"column":64}},"32":{"start":{"line":112,"column":25},"end":{"line":114,"column":63}},"33":{"start":{"line":116,"column":10},"end":{"line":121,"column":null}},"34":{"start":{"line":125,"column":23},"end":{"line":125,"column":61}},"35":{"start":{"line":126,"column":8},"end":{"line":131,"column":null}},"36":{"start":{"line":134,"column":8},"end":{"line":134,"column":92}},"37":{"start":{"line":137,"column":6},"end":{"line":140,"column":null}},"38":{"start":{"line":143,"column":6},"end":{"line":143,"column":55}},"39":{"start":{"line":145,"column":6},"end":{"line":145,"column":71}},"40":{"start":{"line":147,"column":6},"end":{"line":147,"column":39}},"41":{"start":{"line":149,"column":6},"end":{"line":149,"column":19}},"42":{"start":{"line":16,"column":13},"end":{"line":16,"column":33}}},"fnMap":{"0":{"name":"(anonymous_0)","decl":{"start":{"line":16,"column":33},"end":{"line":16,"column":null}},"loc":{"start":{"line":19,"column":21},"end":{"line":151,"column":1}}}},"branchMap":{"0":{"loc":{"start":{"line":17,"column":2},"end":{"line":17,"column":22}},"type":"default-arg","locations":[{"start":{"line":17,"column":10},"end":{"line":17,"column":22}}]},"1":{"loc":{"start":{"line":20,"column":2},"end":{"line":150,"column":3}},"type":"switch","locations":[{"start":{"line":21,"column":4},"end":{"line":30,"column":null}},{"start":{"line":32,"column":4},"end":{"line":35,"column":null}},{"start":{"line":37,"column":4},"end":{"line":42,"column":null}},{"start":{"line":44,"column":4},"end":{"line":53,"column":null}},{"start":{"line":55,"column":4},"end":{"line":135,"column":7}},{"start":{"line":136,"column":4},"end":{"line":140,"column":null}},{"start":{"line":142,"column":4},"end":{"line":143,"column":55}},{"start":{"line":144,"column":4},"end":{"line":145,"column":71}},{"start":{"line":146,"column":4},"end":{"line":147,"column":39}},{"start":{"line":148,"column":4},"end":{"line":149,"column":19}}]},"2":{"loc":{"start":{"line":22,"column":6},"end":{"line":24,"column":7}},"type":"if","locations":[{"start":{"line":22,"column":6},"end":{"line":24,"column":7}}]},"3":{"loc":{"start":{"line":28,"column":17},"end":{"line":28,"column":153}},"type":"cond-expr","locations":[{"start":{"line":28,"column":106},"end":{"line":28,"column":120}},{"start":{"line":28,"column":123},"end":{"line":28,"column":153}}]},"4":{"loc":{"start":{"line":28,"column":17},"end":{"line":28,"column":103}},"type":"binary-expr","locations":[{"start":{"line":28,"column":17},"end":{"line":28,"column":50}},{"start":{"line":28,"column":54},"end":{"line":28,"column":74}},{"start":{"line":28,"column":78},"end":{"line":28,"column":103}}]},"5":{"loc":{"start":{"line":51,"column":22},"end":{"line":53,"column":47}},"type":"cond-expr","locations":[{"start":{"line":52,"column":12},"end":{"line":52,"column":60}},{"start":{"line":53,"column":12},"end":{"line":53,"column":47}}]},"6":{"loc":{"start":{"line":57,"column":8},"end":{"line":59,"column":9}},"type":"if","locations":[{"start":{"line":57,"column":8},"end":{"line":59,"column":9}}]},"7":{"loc":{"start":{"line":62,"column":8},"end":{"line":64,"column":9}},"type":"if","locations":[{"start":{"line":62,"column":8},"end":{"line":64,"column":9}}]},"8":{"loc":{"start":{"line":67,"column":8},"end":{"line":74,"column":9}},"type":"if","locations":[{"start":{"line":67,"column":8},"end":{"line":74,"column":9}}]},"9":{"loc":{"start":{"line":70,"column":21},"end":{"line":70,"column":74}},"type":"cond-expr","locations":[{"start":{"line":70,"column":55},"end":{"line":70,"column":68}},{"start":{"line":70,"column":71},"end":{"line":70,"column":74}}]},"10":{"loc":{"start":{"line":77,"column":8},"end":{"line":96,"column":9}},"type":"if","locations":[{"start":{"line":77,"column":8},"end":{"line":96,"column":9}}]},"11":{"loc":{"start":{"line":78,"column":10},"end":{"line":95,"column":11}},"type":"if","locations":[{"start":{"line":78,"column":10},"end":{"line":95,"column":11}},{"start":{"line":85,"column":17},"end":{"line":95,"column":11}}]},"12":{"loc":{"start":{"line":99,"column":8},"end":{"line":123,"column":9}},"type":"if","locations":[{"start":{"line":99,"column":8},"end":{"line":123,"column":9}}]},"13":{"loc":{"start":{"line":100,"column":10},"end":{"line":102,"column":11}},"type":"if","locations":[{"start":{"line":100,"column":10},"end":{"line":102,"column":11}}]},"14":{"loc":{"start":{"line":103,"column":10},"end":{"line":110,"column":11}},"type":"if","locations":[{"start":{"line":103,"column":10},"end":{"line":110,"column":11}}]},"15":{"loc":{"start":{"line":112,"column":25},"end":{"line":114,"column":63}},"type":"cond-expr","locations":[{"start":{"line":113,"column":14},"end":{"line":113,"column":54}},{"start":{"line":114,"column":14},"end":{"line":114,"column":63}}]}},"s":{"0":1,"1":1,"2":1,"3":1,"4":1,"5":53,"6":24,"7":1,"8":23,"9":1,"10":1,"11":7,"12":7,"13":16,"14":16,"15":2,"16":14,"17":1,"18":13,"19":1,"20":12,"21":5,"22":4,"23":1,"24":1,"25":1,"26":7,"27":2,"28":1,"29":1,"30":0,"31":1,"32":1,"33":1,"34":5,"35":4,"36":1,"37":1,"38":1,"39":1,"40":1,"41":0,"42":1},"f":{"0":53},"b":{"0":[0],"1":[24,1,1,7,16,1,1,1,1,0],"2":[1],"3":[11,12],"4":[23,16,12],"5":[1,6],"6":[2],"7":[1],"8":[1],"9":[1,0],"10":[5],"11":[4,1],"12":[2],"13":[1],"14":[0],"15":[1,0]}}
,"E:\\cpc\\SET\\UDT-REACTJS-TESTSHEET\\src\\client\\utils\\constants.ts": {"path":"E:\\cpc\\SET\\UDT-REACTJS-TESTSHEET\\src\\client\\utils\\constants.ts","statementMap":{"0":{"start":{"line":1,"column":13},"end":{"line":1,"column":55}},"1":{"start":{"line":2,"column":13},"end":{"line":2,"column":36}},"2":{"start":{"line":3,"column":13},"end":{"line":3,"column":35}},"3":{"start":{"line":4,"column":13},"end":{"line":4,"column":37}}},"fnMap":{},"branchMap":{},"s":{"0":2,"1":2,"2":2,"3":2},"f":{},"b":{}}
,"E:\\cpc\\SET\\UDT-REACTJS-TESTSHEET\\src\\client\\utils\\helpers.ts": {"path":"E:\\cpc\\SET\\UDT-REACTJS-TESTSHEET\\src\\client\\utils\\helpers.ts","statementMap":{"0":{"start":{"line":3,"column":0},"end":{"line":3,"column":40}},"1":{"start":{"line":5,"column":31},"end":{"line":35,"column":2}},"2":{"start":{"line":5,"column":75},"end":{"line":35,"column":2}},"3":{"start":{"line":5,"column":13},"end":{"line":5,"column":31}},"4":{"start":{"line":37,"column":34},"end":{"line":43,"column":1}},"5":{"start":{"line":38,"column":2},"end":{"line":42,"column":4}},"6":{"start":{"line":37,"column":13},"end":{"line":37,"column":34}},"7":{"start":{"line":45,"column":28},"end":{"line":51,"column":1}},"8":{"start":{"line":46,"column":2},"end":{"line":48,"column":3}},"9":{"start":{"line":47,"column":4},"end":{"line":47,"column":19}},"10":{"start":{"line":49,"column":24},"end":{"line":49,"column":49}},"11":{"start":{"line":50,"column":2},"end":{"line":50,"column":63}},"12":{"start":{"line":45,"column":13},"end":{"line":45,"column":28}},"13":{"start":{"line":53,"column":13},"end":{"line":57,"column":2}},"14":{"start":{"line":54,"column":12},"end":{"line":54,"column":17}},"15":{"start":{"line":55,"column":12},"end":{"line":55,"column":17}},"16":{"start":{"line":56,"column":13},"end":{"line":56,"column":14}},"17":{"start":{"line":59,"column":26},"end":{"line":59,"column":75}},"18":{"start":{"line":59,"column":44},"end":{"line":59,"column":75}},"19":{"start":{"line":59,"column":13},"end":{"line":59,"column":26}}},"fnMap":{"0":{"name":"(anonymous_0)","decl":{"start":{"line":5,"column":31},"end":{"line":5,"column":32}},"loc":{"start":{"line":5,"column":75},"end":{"line":35,"column":2}}},"1":{"name":"(anonymous_1)","decl":{"start":{"line":37,"column":34},"end":{"line":37,"column":35}},"loc":{"start":{"line":37,"column":65},"end":{"line":43,"column":1}}},"2":{"name":"(anonymous_2)","decl":{"start":{"line":45,"column":28},"end":{"line":45,"column":29}},"loc":{"start":{"line":45,"column":55},"end":{"line":51,"column":1}}},"3":{"name":"(anonymous_3)","decl":{"start":{"line":54,"column":7},"end":{"line":54,"column":8}},"loc":{"start":{"line":54,"column":12},"end":{"line":54,"column":17}}},"4":{"name":"(anonymous_4)","decl":{"start":{"line":55,"column":7},"end":{"line":55,"column":8}},"loc":{"start":{"line":55,"column":12},"end":{"line":55,"column":17}}},"5":{"name":"(anonymous_5)","decl":{"start":{"line":56,"column":7},"end":{"line":56,"column":10}},"loc":{"start":{"line":56,"column":13},"end":{"line":56,"column":14}}},"6":{"name":"(anonymous_6)","decl":{"start":{"line":59,"column":26},"end":{"line":59,"column":27}},"loc":{"start":{"line":59,"column":44},"end":{"line":59,"column":75}}}},"branchMap":{"0":{"loc":{"start":{"line":7,"column":13},"end":{"line":7,"column":46}},"type":"cond-expr","locations":[{"start":{"line":7,"column":36},"end":{"line":7,"column":40}},{"start":{"line":7,"column":43},"end":{"line":7,"column":46}}]},"1":{"loc":{"start":{"line":46,"column":2},"end":{"line":48,"column":3}},"type":"if","locations":[{"start":{"line":46,"column":2},"end":{"line":48,"column":3}}]}},"s":{"0":2,"1":2,"2":2,"3":2,"4":2,"5":11,"6":2,"7":2,"8":17,"9":2,"10":15,"11":15,"12":2,"13":2,"14":1,"15":2,"16":1,"17":2,"18":19,"19":2},"f":{"0":2,"1":11,"2":17,"3":1,"4":2,"5":1,"6":19},"b":{"0":[1,1],"1":[2]}}
}
