TN:
SF:src\client\store\actions\calculatorActions.ts
FN:64,(anonymous_0)
FN:69,(anonymous_1)
FN:73,(anonymous_2)
FN:77,(anonymous_3)
FN:82,(anonymous_4)
FN:87,(anonymous_5)
FN:92,(anonymous_6)
FN:96,(anonymous_7)
FN:100,(anonymous_8)
FNF:9
FNH:9
FNDA:1,(anonymous_0)
FNDA:1,(anonymous_1)
FNDA:1,(anonymous_2)
FNDA:1,(anonymous_3)
FNDA:1,(anonymous_4)
FNDA:1,(anonymous_5)
FNDA:1,(anonymous_6)
FNDA:1,(anonymous_7)
FNDA:1,(anonymous_8)
DA:3,2
DA:4,2
DA:5,2
DA:6,2
DA:7,2
DA:8,2
DA:9,2
DA:10,2
DA:11,2
DA:64,2
DA:69,2
DA:73,2
DA:77,2
DA:82,2
DA:87,2
DA:92,2
DA:96,2
DA:100,2
LF:18
LH:18
BRF:0
BRH:0
end_of_record
TN:
SF:src\client\store\reducers\calculatorReducer.ts
FN:16,(anonymous_0)
FNF:1
FNH:1
FNDA:53,(anonymous_0)
DA:1,1
DA:3,1
DA:4,1
DA:8,1
DA:16,1
DA:20,53
DA:22,24
DA:23,1
DA:26,23
DA:33,1
DA:38,1
DA:46,7
DA:48,7
DA:56,16
DA:57,16
DA:58,2
DA:62,14
DA:63,1
DA:67,13
DA:68,1
DA:77,12
DA:78,5
DA:79,4
DA:87,1
DA:88,1
DA:89,1
DA:99,7
DA:100,2
DA:101,1
DA:103,1
DA:104,0
DA:111,1
DA:112,1
DA:116,1
DA:125,5
DA:126,4
DA:134,1
DA:137,1
DA:143,1
DA:145,1
DA:147,1
DA:149,0
LF:42
LH:40
BRDA:17,0,0,0
BRDA:20,1,0,24
BRDA:20,1,1,1
BRDA:20,1,2,1
BRDA:20,1,3,7
BRDA:20,1,4,16
BRDA:20,1,5,1
BRDA:20,1,6,1
BRDA:20,1,7,1
BRDA:20,1,8,1
BRDA:20,1,9,0
BRDA:22,2,0,1
BRDA:28,3,0,11
BRDA:28,3,1,12
BRDA:28,4,0,23
BRDA:28,4,1,16
BRDA:28,4,2,12
BRDA:51,5,0,1
BRDA:51,5,1,6
BRDA:57,6,0,2
BRDA:62,7,0,1
BRDA:67,8,0,1
BRDA:70,9,0,1
BRDA:70,9,1,0
BRDA:77,10,0,5
BRDA:78,11,0,4
BRDA:78,11,1,1
BRDA:99,12,0,2
BRDA:100,13,0,1
BRDA:103,14,0,0
BRDA:112,15,0,1
BRDA:112,15,1,0
BRF:32
BRH:27
end_of_record
TN:
SF:src\client\utils\constants.ts
FNF:0
FNH:0
DA:1,2
DA:2,2
DA:3,2
DA:4,2
LF:4
LH:4
BRF:0
BRH:0
end_of_record
TN:
SF:src\client\utils\helpers.ts
FN:5,(anonymous_0)
FN:37,(anonymous_1)
FN:45,(anonymous_2)
FN:54,(anonymous_3)
FN:55,(anonymous_4)
FN:56,(anonymous_5)
FN:59,(anonymous_6)
FNF:7
FNH:7
FNDA:2,(anonymous_0)
FNDA:11,(anonymous_1)
FNDA:17,(anonymous_2)
FNDA:1,(anonymous_3)
FNDA:2,(anonymous_4)
FNDA:1,(anonymous_5)
FNDA:19,(anonymous_6)
DA:3,2
DA:5,2
DA:37,2
DA:38,11
DA:45,2
DA:46,17
DA:47,2
DA:49,15
DA:50,15
DA:53,2
DA:54,1
DA:55,2
DA:56,1
DA:59,19
LF:14
LH:14
BRDA:7,0,0,1
BRDA:7,0,1,1
BRDA:46,1,0,2
BRF:3
BRH:3
end_of_record
